<?xml version="1.0" encoding="UTF-8"?>
<!-- Generated by org.testng.reporters.JUnitReportReporter -->
<testsuite skipped="0" hostname="SAJIDs-MBP.fios-router.home" name="variables.Chrome" tests="2" failures="0" timestamp="2021-03-30T02:28:50 EDT" time="0.153" errors="0">
  <testcase name="getTitle" time="0.091" classname="variables.Chrome"/>
  <system-out/>
  <testcase name="geturl" time="0.062" classname="variables.Chrome"/>
  <system-out/>
</testsuite> <!-- variables.Chrome -->
