<?xml version="1.0" encoding="UTF-8"?>
<!-- Generated by org.testng.reporters.JUnitReportReporter -->
<testsuite skipped="0" hostname="SAJIDs-MBP.fios-router.home" name="variables.Firefox" tests="2" failures="0" timestamp="2021-03-30T04:13:08 EDT" time="0.020" errors="0">
  <testcase name="getUrl" time="0.009" classname="variables.Firefox"/>
  <system-out/>
  <testcase name="getTitle" time="0.011" classname="variables.Firefox"/>
  <system-out/>
</testsuite> <!-- variables.Firefox -->
