<?xml version="1.0" encoding="UTF-8"?>
<!-- Generated by org.testng.reporters.JUnitReportReporter -->
<testsuite skipped="0" hostname="SAJIDs-MBP.fios-router.home" name="variables.Edge" tests="2" failures="0" timestamp="2021-03-30T04:10:12 EDT" time="0.155" errors="0">
  <testcase name="geturl" time="0.083" classname="variables.Edge"/>
  <system-out/>
  <testcase name="getTitle" time="0.072" classname="variables.Edge"/>
  <system-out/>
</testsuite> <!-- variables.Edge -->
