<?xml version="1.0" encoding="UTF-8"?>
<!-- Generated by org.testng.reporters.JUnitReportReporter -->
<testsuite skipped="0" hostname="SAJIDs-MBP.fios-router.home" name="variables.Chrome" tests="2" failures="0" timestamp="2021-03-30T17:34:11 EDT" time="0.016" errors="0">
  <testcase name="getTitle" time="0.010" classname="variables.Chrome"/>
  <system-out/>
  <testcase name="geturl" time="0.006" classname="variables.Chrome"/>
  <system-out/>
</testsuite> <!-- variables.Chrome -->
