<?xml version="1.0" encoding="UTF-8"?>
<!-- Generated by org.testng.reporters.JUnitReportReporter -->
<testsuite skipped="0" hostname="SAJIDs-MBP.fios-router.home" name="variables.Firefox" tests="2" failures="0" timestamp="2021-03-30T02:40:01 EDT" time="0.021" errors="0">
  <testcase name="getUrl" time="0.010" classname="variables.Firefox"/>
  <system-out/>
  <testcase name="getTitle" time="0.011" classname="variables.Firefox"/>
  <system-out/>
</testsuite> <!-- variables.Firefox -->
